

================================================================
== Vitis HLS Report for 'fir'
================================================================
* Date:           Wed Sep  6 15:54:28 2023

* Version:        2021.2.1 (Build 3414424 on Sun Dec 19 10:57:14 MST 2021)
* Project:        fir
* Solution:       solution1 (Vivado IP Flow Target)
* Product family: zynquplus
* Target device:  xczu7ev-ffvc1156-2-e


================================================================
== Performance Estimates
================================================================
+ Timing: 
    * Summary: 
    +--------+----------+----------+------------+
    |  Clock |  Target  | Estimated| Uncertainty|
    +--------+----------+----------+------------+
    |ap_clk  |  10.00 ns|  1.996 ns|     2.70 ns|
    +--------+----------+----------+------------+

+ Latency: 
    * Summary: 
    +---------+---------+----------+----------+-----+-----+---------+
    |  Latency (cycles) |  Latency (absolute) |  Interval | Pipeline|
    |   min   |   max   |    min   |    max   | min | max |   Type  |
    +---------+---------+----------+----------+-----+-----+---------+
    |       70|       70|  0.700 us|  0.700 us|   71|   71|       no|
    +---------+---------+----------+----------+-----+-----+---------+

    + Detail: 
        * Instance: 
        +-----------------------------+-------------------+---------+---------+----------+----------+-----+-----+---------+
        |                             |                   |  Latency (cycles) |  Latency (absolute) |  Interval | Pipeline|
        |           Instance          |       Module      |   min   |   max   |    min   |    max   | min | max |   Type  |
        +-----------------------------+-------------------+---------+---------+----------+----------+-----+-----+---------+
        |grp_fir_Pipeline_loop_fu_76  |fir_Pipeline_loop  |       62|       62|  0.620 us|  0.620 us|   62|   62|       no|
        +-----------------------------+-------------------+---------+---------+----------+----------+-----+-----+---------+

        * Loop: 
        N/A

============================================================
+ Verbose Summary: Synthesis Manager
============================================================
InlineROM: 1
ExposeGlobal: 0
============================================================
+ Verbose Summary: CDFG Model
============================================================
IsTopModel: 1
ResetActiveHigh: 1
IsCombinational: 0
IsDatapathOnly: 0
HasWiredReturn: 1
HasMFsm: 0
HasVarLatency: 1
IsPipeline: 0
IsRtlPipelined: 0
IsInstanceOverlapped: 0
IsDontTouch: 0
HasImplIP: 0
IsGatedGlobalClock: 0


============================================================
+ Verbose Summary: Schedule
============================================================
* Number of FSM states : 9
* Pipeline : 0
* Dataflow Pipeline: 0

* FSM state transitions: 
1 --> 2 
2 --> 3 
3 --> 4 
4 --> 5 
5 --> 6 
6 --> 7 
7 --> 8 
8 --> 9 
9 --> 

* FSM state operations: 

State 1 <SV = 0> <Delay = 0.67>
ST_1 : Operation 10 [1/1] (0.00ns)   --->   "%acc_01_loc = alloca i64 1"   --->   Operation 10 'alloca' 'acc_01_loc' <Predicate = true> <Delay = 0.00>
ST_1 : Operation 11 [2/2] (0.67ns)   --->   "%shift_reg_load = load i16 57" [fir.c:47]   --->   Operation 11 'load' 'shift_reg_load' <Predicate = true> <Delay = 0.67> <CoreInst = "RAM">   --->   Core 83 'RAM' <Latency = 1> <II = 1> <Delay = 0.67> <Storage> <Opcode : 'load' 'store'> <Ports = 2> <Width = 16> <Depth = 58> <RAM>

State 2 <SV = 1> <Delay = 1.21>
ST_2 : Operation 12 [1/2] (0.67ns)   --->   "%shift_reg_load = load i16 57" [fir.c:47]   --->   Operation 12 'load' 'shift_reg_load' <Predicate = true> <Delay = 0.67> <CoreInst = "RAM">   --->   Core 83 'RAM' <Latency = 1> <II = 1> <Delay = 0.67> <Storage> <Opcode : 'load' 'store'> <Ports = 2> <Width = 16> <Depth = 58> <RAM>
ST_2 : Operation 13 [1/1] (0.00ns)   --->   "%sext_ln44 = sext i16 %shift_reg_load" [fir.c:44]   --->   Operation 13 'sext' 'sext_ln44' <Predicate = true> <Delay = 0.00>
ST_2 : Operation 14 [4/4] (0.53ns) (root node of the DSP)   --->   "%mul_ln44 = mul i25 %sext_ln44, i25 33554054" [fir.c:44]   --->   Operation 14 'mul' 'mul_ln44' <Predicate = true> <Delay = 0.53> <CoreInst = "DSP48">   --->   Core 127 'DSP48' <Latency = 3> <II = 1> <Delay = 0.53> <IPBlock> <Opcode : 'mul' 'add' 'sub' 'select'> <InPorts = 0> <OutPorts = 1> <Sync> <CReg>

State 3 <SV = 2> <Delay = 0.53>
ST_3 : Operation 15 [3/4] (0.53ns) (root node of the DSP)   --->   "%mul_ln44 = mul i25 %sext_ln44, i25 33554054" [fir.c:44]   --->   Operation 15 'mul' 'mul_ln44' <Predicate = true> <Delay = 0.53> <CoreInst = "DSP48">   --->   Core 127 'DSP48' <Latency = 3> <II = 1> <Delay = 0.53> <IPBlock> <Opcode : 'mul' 'add' 'sub' 'select'> <InPorts = 0> <OutPorts = 1> <Sync> <CReg>

State 4 <SV = 3> <Delay = 0.53>
ST_4 : Operation 16 [2/4] (0.53ns) (root node of the DSP)   --->   "%mul_ln44 = mul i25 %sext_ln44, i25 33554054" [fir.c:44]   --->   Operation 16 'mul' 'mul_ln44' <Predicate = true> <Delay = 0.53> <CoreInst = "DSP48">   --->   Core 127 'DSP48' <Latency = 3> <II = 1> <Delay = 0.53> <IPBlock> <Opcode : 'mul' 'add' 'sub' 'select'> <InPorts = 0> <OutPorts = 1> <Sync> <CReg>

State 5 <SV = 4> <Delay = 0.00>
ST_5 : Operation 17 [1/4] (0.00ns) (root node of the DSP)   --->   "%mul_ln44 = mul i25 %sext_ln44, i25 33554054" [fir.c:44]   --->   Operation 17 'mul' 'mul_ln44' <Predicate = true> <Delay = 0.00> <CoreInst = "DSP48">   --->   Core 127 'DSP48' <Latency = 3> <II = 1> <Delay = 0.53> <IPBlock> <Opcode : 'mul' 'add' 'sub' 'select'> <InPorts = 0> <OutPorts = 1> <Sync> <CReg>

State 6 <SV = 5> <Delay = 1.99>
ST_6 : Operation 18 [1/1] (1.00ns)   --->   "%x_read = read i16 @_ssdm_op_Read.s_axilite.i16, i16 %x"   --->   Operation 18 'read' 'x_read' <Predicate = true> <Delay = 1.00> <CoreInst = "s_axilite">   --->   Core 122 's_axilite' <Latency = 0> <II = 1> <Delay = 1.00> <Adapter> <Opcode : 'read' 'write'>
ST_6 : Operation 19 [2/2] (0.42ns)   --->   "%call_ln44 = call void @fir_Pipeline_loop, i25 %mul_ln44, i31 %acc_01_loc, i16 %shift_reg, i16 %c" [fir.c:44]   --->   Operation 19 'call' 'call_ln44' <Predicate = true> <Delay = 0.42> <CoreType = "Generic">   --->   Core 0 '' <Latency = 0> <II = 1> <Delay = 1.00> <Generic> <Opcode : >
ST_6 : Operation 20 [1/1] (0.00ns)   --->   "%sext_ln52 = sext i16 %x_read" [fir.c:52]   --->   Operation 20 'sext' 'sext_ln52' <Predicate = true> <Delay = 0.00>
ST_6 : Operation 21 [3/3] (0.99ns) (grouped into DSP with root node acc)   --->   "%mul_ln52 = mul i26 %sext_ln52, i26 67108486" [fir.c:52]   --->   Operation 21 'mul' 'mul_ln52' <Predicate = true> <Delay = 0.99> <CoreInst = "DSP48">   --->   Core 127 'DSP48' <Latency = 3> <II = 1> <Delay = 0.53> <IPBlock> <Opcode : 'mul' 'add' 'sub' 'select'> <InPorts = 0> <OutPorts = 1> <Sync> <CReg>

State 7 <SV = 6> <Delay = 0.99>
ST_7 : Operation 22 [1/2] (0.00ns)   --->   "%call_ln44 = call void @fir_Pipeline_loop, i25 %mul_ln44, i31 %acc_01_loc, i16 %shift_reg, i16 %c" [fir.c:44]   --->   Operation 22 'call' 'call_ln44' <Predicate = true> <Delay = 0.00> <CoreType = "Generic">   --->   Core 0 '' <Latency = 0> <II = 1> <Delay = 1.00> <Generic> <Opcode : >
ST_7 : Operation 23 [2/3] (0.99ns) (grouped into DSP with root node acc)   --->   "%mul_ln52 = mul i26 %sext_ln52, i26 67108486" [fir.c:52]   --->   Operation 23 'mul' 'mul_ln52' <Predicate = true> <Delay = 0.99> <CoreInst = "DSP48">   --->   Core 127 'DSP48' <Latency = 3> <II = 1> <Delay = 0.53> <IPBlock> <Opcode : 'mul' 'add' 'sub' 'select'> <InPorts = 0> <OutPorts = 1> <Sync> <CReg>

State 8 <SV = 7> <Delay = 0.67>
ST_8 : Operation 24 [1/1] (0.00ns)   --->   "%acc_01_loc_load = load i31 %acc_01_loc"   --->   Operation 24 'load' 'acc_01_loc_load' <Predicate = true> <Delay = 0.00>
ST_8 : Operation 25 [1/3] (0.00ns) (grouped into DSP with root node acc)   --->   "%mul_ln52 = mul i26 %sext_ln52, i26 67108486" [fir.c:52]   --->   Operation 25 'mul' 'mul_ln52' <Predicate = true> <Delay = 0.00> <CoreInst = "DSP48">   --->   Core 127 'DSP48' <Latency = 3> <II = 1> <Delay = 0.53> <IPBlock> <Opcode : 'mul' 'add' 'sub' 'select'> <InPorts = 0> <OutPorts = 1> <Sync> <CReg>
ST_8 : Operation 26 [1/1] (0.00ns) (grouped into DSP with root node acc)   --->   "%sext_ln52_1 = sext i26 %mul_ln52" [fir.c:52]   --->   Operation 26 'sext' 'sext_ln52_1' <Predicate = true> <Delay = 0.00>
ST_8 : Operation 27 [2/2] (0.64ns) (root node of the DSP)   --->   "%acc = add i31 %acc_01_loc_load, i31 %sext_ln52_1" [fir.c:52]   --->   Operation 27 'add' 'acc' <Predicate = true> <Delay = 0.64> <CoreInst = "DSP48">   --->   Core 127 'DSP48' <Latency = 3> <II = 1> <Delay = 0.53> <IPBlock> <Opcode : 'mul' 'add' 'sub' 'select'> <InPorts = 0> <OutPorts = 1> <Sync> <CReg>
ST_8 : Operation 28 [1/1] (0.67ns)   --->   "%store_ln53 = store i16 %x_read, i16 0" [fir.c:53]   --->   Operation 28 'store' 'store_ln53' <Predicate = true> <Delay = 0.67> <CoreInst = "RAM">   --->   Core 83 'RAM' <Latency = 1> <II = 1> <Delay = 0.67> <Storage> <Opcode : 'load' 'store'> <Ports = 2> <Width = 16> <Depth = 58> <RAM>

State 9 <SV = 8> <Delay = 1.64>
ST_9 : Operation 29 [1/1] (0.00ns)   --->   "%spectopmodule_ln0 = spectopmodule void @_ssdm_op_SpecTopModule, void @empty_5"   --->   Operation 29 'spectopmodule' 'spectopmodule_ln0' <Predicate = true> <Delay = 0.00>
ST_9 : Operation 30 [1/1] (0.00ns)   --->   "%specbitsmap_ln0 = specbitsmap void @_ssdm_op_SpecBitsMap, i16 %y"   --->   Operation 30 'specbitsmap' 'specbitsmap_ln0' <Predicate = true> <Delay = 0.00>
ST_9 : Operation 31 [1/1] (0.00ns)   --->   "%specinterface_ln0 = specinterface void @_ssdm_op_SpecInterface, i16 %y, void @empty, i32 0, i32 0, void @empty_0, i32 0, i32 0, void @empty_1, void @empty_2, void @empty_0, i32 0, i32 0, i32 0, i32 0, void @empty_0, void @empty_0"   --->   Operation 31 'specinterface' 'specinterface_ln0' <Predicate = true> <Delay = 0.00>
ST_9 : Operation 32 [1/1] (0.00ns)   --->   "%specinterface_ln0 = specinterface void @_ssdm_op_SpecInterface, i16 %y, void @empty_3, i32 0, i32 0, void @empty_0, i32 0, i32 0, void @empty_0, void @empty_0, void @empty_0, i32 0, i32 0, i32 0, i32 0, void @empty_0, void @empty_0"   --->   Operation 32 'specinterface' 'specinterface_ln0' <Predicate = true> <Delay = 0.00>
ST_9 : Operation 33 [1/1] (0.00ns)   --->   "%specbitsmap_ln0 = specbitsmap void @_ssdm_op_SpecBitsMap, i16 %x"   --->   Operation 33 'specbitsmap' 'specbitsmap_ln0' <Predicate = true> <Delay = 0.00>
ST_9 : Operation 34 [1/1] (0.00ns)   --->   "%specinterface_ln0 = specinterface void @_ssdm_op_SpecInterface, i16 %x, void @empty, i32 0, i32 0, void @empty_0, i32 0, i32 0, void @empty_1, void @empty_4, void @empty_0, i32 0, i32 0, i32 0, i32 0, void @empty_0, void @empty_0"   --->   Operation 34 'specinterface' 'specinterface_ln0' <Predicate = true> <Delay = 0.00>
ST_9 : Operation 35 [1/1] (0.00ns)   --->   "%specinterface_ln0 = specinterface void @_ssdm_op_SpecInterface, i16 %x, void @empty_3, i32 0, i32 0, void @empty_0, i32 0, i32 0, void @empty_0, void @empty_0, void @empty_0, i32 0, i32 0, i32 0, i32 0, void @empty_0, void @empty_0"   --->   Operation 35 'specinterface' 'specinterface_ln0' <Predicate = true> <Delay = 0.00>
ST_9 : Operation 36 [1/1] (0.00ns)   --->   "%specinterface_ln0 = specinterface void @_ssdm_op_SpecInterface, i32 0, void @empty, i32 0, i32 0, void @empty_0, i32 0, i32 0, void @empty_1, void @empty_0, void @empty_0, i32 0, i32 0, i32 0, i32 0, void @empty_0, void @empty_0"   --->   Operation 36 'specinterface' 'specinterface_ln0' <Predicate = true> <Delay = 0.00>
ST_9 : Operation 37 [1/2] (0.64ns) (root node of the DSP)   --->   "%acc = add i31 %acc_01_loc_load, i31 %sext_ln52_1" [fir.c:52]   --->   Operation 37 'add' 'acc' <Predicate = true> <Delay = 0.64> <CoreInst = "DSP48">   --->   Core 127 'DSP48' <Latency = 3> <II = 1> <Delay = 0.53> <IPBlock> <Opcode : 'mul' 'add' 'sub' 'select'> <InPorts = 0> <OutPorts = 1> <Sync> <CReg>
ST_9 : Operation 38 [1/1] (0.00ns)   --->   "%trunc_ln = partselect i16 @_ssdm_op_PartSelect.i16.i31.i32.i32, i31 %acc, i32 15, i32 30" [fir.c:54]   --->   Operation 38 'partselect' 'trunc_ln' <Predicate = true> <Delay = 0.00>
ST_9 : Operation 39 [1/1] (1.00ns)   --->   "%write_ln54 = write void @_ssdm_op_Write.s_axilite.i16P0A, i16 %y, i16 %trunc_ln" [fir.c:54]   --->   Operation 39 'write' 'write_ln54' <Predicate = true> <Delay = 1.00> <CoreInst = "s_axilite">   --->   Core 122 's_axilite' <Latency = 0> <II = 1> <Delay = 1.00> <Adapter> <Opcode : 'read' 'write'>
ST_9 : Operation 40 [1/1] (0.00ns)   --->   "%ret_ln55 = ret" [fir.c:55]   --->   Operation 40 'ret' 'ret_ln55' <Predicate = true> <Delay = 0.00>


============================================================
+ Verbose Summary: Binding
============================================================
STG Binding: 
---------------- STG Properties BEGIN ----------------
- Is combinational: 0
- Is one-state seq: 0
- Is datapath-only: 0
- Is pipelined: 0
- Is top level: 1
Port [ Return ] is wired: 1; IO mode=ap_ctrl_hs:ce=0
Port [ y]:  wired=1; compound=0; hidden=0; nouse=0; global=0; static=0; extern=0; dir=1; type=0; pingpong=0; private_global=0; IO mode=ap_vld:ce=0
Port [ x]:  wired=1; compound=0; hidden=0; nouse=0; global=0; static=0; extern=0; dir=0; type=0; pingpong=0; private_global=0; IO mode=ap_none:ce=0
Port [ shift_reg]:  wired=0; compound=1; hidden=1; nouse=0; global=1; static=1; extern=0; dir=2; type=1; pingpong=0; private_global=1; MemPort=[21]; IO mode=ap_memory:ce=0
Port [ c]:  wired=0; compound=1; hidden=1; nouse=1; global=1; static=1; extern=0; dir=0; type=1; pingpong=0; private_global=0; MemPort=[1]; IO mode=ap_memory:ce=0
---------------- STG Properties END ------------------

---------------- Datapath Model BEGIN ----------------

<LifeTime>
<method=bitvector/>
acc_01_loc        (alloca       ) [ 0011111110]
shift_reg_load    (load         ) [ 0000000000]
sext_ln44         (sext         ) [ 0001110000]
mul_ln44          (mul          ) [ 0000001100]
x_read            (read         ) [ 0000000110]
sext_ln52         (sext         ) [ 0000000110]
call_ln44         (call         ) [ 0000000000]
acc_01_loc_load   (load         ) [ 0000000001]
mul_ln52          (mul          ) [ 0000000000]
sext_ln52_1       (sext         ) [ 0000000001]
store_ln53        (store        ) [ 0000000000]
spectopmodule_ln0 (spectopmodule) [ 0000000000]
specbitsmap_ln0   (specbitsmap  ) [ 0000000000]
specinterface_ln0 (specinterface) [ 0000000000]
specinterface_ln0 (specinterface) [ 0000000000]
specbitsmap_ln0   (specbitsmap  ) [ 0000000000]
specinterface_ln0 (specinterface) [ 0000000000]
specinterface_ln0 (specinterface) [ 0000000000]
specinterface_ln0 (specinterface) [ 0000000000]
acc               (add          ) [ 0000000000]
trunc_ln          (partselect   ) [ 0000000000]
write_ln54        (write        ) [ 0000000000]
ret_ln55          (ret          ) [ 0000000000]
</LifeTime>

<model>

<comp_list>
<comp id="0" class="1000" name="y">
<pin_list>
<pin id="1" dir="1" index="0" bw="1" slack="0"/>
</pin_list>
<bind>
<StgValue><ssdm name="y"/></StgValue>
</bind>
</comp>

<comp id="2" class="1000" name="x">
<pin_list>
<pin id="3" dir="1" index="0" bw="1" slack="0"/>
</pin_list>
<bind>
<StgValue><ssdm name="x"/></StgValue>
</bind>
</comp>

<comp id="4" class="1000" name="shift_reg">
<pin_list>
<pin id="5" dir="1" index="0" bw="1" slack="0"/>
</pin_list>
<bind>
<StgValue><ssdm name="shift_reg"/><MemPortTyVec>2 1 </MemPortTyVec>
</StgValue>
</bind>
</comp>

<comp id="6" class="1000" name="c">
<pin_list>
<pin id="7" dir="1" index="0" bw="1" slack="0"/>
</pin_list>
<bind>
<StgValue><ssdm name="c"/><MemPortTyVec>1 </MemPortTyVec>
</StgValue>
</bind>
</comp>

<comp id="8" class="1001" name="const_8">
<pin_list>
<pin id="9" dir="1" index="0" bw="1" slack="0"/>
</pin_list>
<bind>
<StgValue><ssdm name=""/></StgValue>
</bind>
</comp>

<comp id="10" class="1001" name="const_10">
<pin_list>
<pin id="11" dir="1" index="0" bw="1" slack="0"/>
</pin_list>
<bind>
<StgValue><ssdm name=""/></StgValue>
</bind>
</comp>

<comp id="12" class="1001" name="const_12">
<pin_list>
<pin id="13" dir="1" index="0" bw="1" slack="0"/>
</pin_list>
<bind>
<StgValue><ssdm name=""/></StgValue>
</bind>
</comp>

<comp id="14" class="1001" name="const_14">
<pin_list>
<pin id="15" dir="1" index="0" bw="1" slack="0"/>
</pin_list>
<bind>
<StgValue><ssdm name="_ssdm_op_Read.s_axilite.i16"/></StgValue>
</bind>
</comp>

<comp id="16" class="1001" name="const_16">
<pin_list>
<pin id="17" dir="1" index="0" bw="1" slack="0"/>
</pin_list>
<bind>
<StgValue><ssdm name="fir_Pipeline_loop"/></StgValue>
</bind>
</comp>

<comp id="18" class="1001" name="const_18">
<pin_list>
<pin id="19" dir="1" index="0" bw="1" slack="0"/>
</pin_list>
<bind>
<StgValue><ssdm name=""/></StgValue>
</bind>
</comp>

<comp id="20" class="1001" name="const_20">
<pin_list>
<pin id="21" dir="1" index="0" bw="1" slack="0"/>
</pin_list>
<bind>
<StgValue><ssdm name=""/></StgValue>
</bind>
</comp>

<comp id="22" class="1001" name="const_22">
<pin_list>
<pin id="23" dir="1" index="0" bw="1" slack="2147483647"/>
</pin_list>
<bind>
<StgValue><ssdm name="_ssdm_op_SpecTopModule"/></StgValue>
</bind>
</comp>

<comp id="24" class="1001" name="const_24">
<pin_list>
<pin id="25" dir="1" index="0" bw="1" slack="2147483647"/>
</pin_list>
<bind>
<StgValue><ssdm name="empty_5"/></StgValue>
</bind>
</comp>

<comp id="26" class="1001" name="const_26">
<pin_list>
<pin id="27" dir="1" index="0" bw="1" slack="2147483647"/>
</pin_list>
<bind>
<StgValue><ssdm name="_ssdm_op_SpecBitsMap"/></StgValue>
</bind>
</comp>

<comp id="28" class="1001" name="const_28">
<pin_list>
<pin id="29" dir="1" index="0" bw="1" slack="2147483647"/>
</pin_list>
<bind>
<StgValue><ssdm name="_ssdm_op_SpecInterface"/></StgValue>
</bind>
</comp>

<comp id="30" class="1001" name="const_30">
<pin_list>
<pin id="31" dir="1" index="0" bw="1" slack="2147483647"/>
</pin_list>
<bind>
<StgValue><ssdm name="empty"/></StgValue>
</bind>
</comp>

<comp id="32" class="1001" name="const_32">
<pin_list>
<pin id="33" dir="1" index="0" bw="1" slack="2147483647"/>
</pin_list>
<bind>
<StgValue><ssdm name=""/></StgValue>
</bind>
</comp>

<comp id="34" class="1001" name="const_34">
<pin_list>
<pin id="35" dir="1" index="0" bw="1" slack="2147483647"/>
</pin_list>
<bind>
<StgValue><ssdm name="empty_0"/></StgValue>
</bind>
</comp>

<comp id="36" class="1001" name="const_36">
<pin_list>
<pin id="37" dir="1" index="0" bw="1" slack="2147483647"/>
</pin_list>
<bind>
<StgValue><ssdm name="empty_1"/></StgValue>
</bind>
</comp>

<comp id="38" class="1001" name="const_38">
<pin_list>
<pin id="39" dir="1" index="0" bw="1" slack="2147483647"/>
</pin_list>
<bind>
<StgValue><ssdm name="empty_2"/></StgValue>
</bind>
</comp>

<comp id="40" class="1001" name="const_40">
<pin_list>
<pin id="41" dir="1" index="0" bw="1" slack="2147483647"/>
</pin_list>
<bind>
<StgValue><ssdm name="empty_3"/></StgValue>
</bind>
</comp>

<comp id="42" class="1001" name="const_42">
<pin_list>
<pin id="43" dir="1" index="0" bw="1" slack="2147483647"/>
</pin_list>
<bind>
<StgValue><ssdm name="empty_4"/></StgValue>
</bind>
</comp>

<comp id="44" class="1001" name="const_44">
<pin_list>
<pin id="45" dir="1" index="0" bw="1" slack="0"/>
</pin_list>
<bind>
<StgValue><ssdm name="_ssdm_op_PartSelect.i16.i31.i32.i32"/></StgValue>
</bind>
</comp>

<comp id="46" class="1001" name="const_46">
<pin_list>
<pin id="47" dir="1" index="0" bw="1" slack="0"/>
</pin_list>
<bind>
<StgValue><ssdm name=""/></StgValue>
</bind>
</comp>

<comp id="48" class="1001" name="const_48">
<pin_list>
<pin id="49" dir="1" index="0" bw="1" slack="0"/>
</pin_list>
<bind>
<StgValue><ssdm name=""/></StgValue>
</bind>
</comp>

<comp id="50" class="1001" name="const_50">
<pin_list>
<pin id="51" dir="1" index="0" bw="1" slack="0"/>
</pin_list>
<bind>
<StgValue><ssdm name="_ssdm_op_Write.s_axilite.i16P0A"/></StgValue>
</bind>
</comp>

<comp id="52" class="1004" name="acc_01_loc_fu_52">
<pin_list>
<pin id="53" dir="0" index="0" bw="1" slack="0"/>
<pin id="54" dir="1" index="1" bw="31" slack="5"/>
</pin_list>
<bind>
<opcode="alloca(26) " fcode="alloca"/>
<opset="acc_01_loc/1 "/>
</bind>
</comp>

<comp id="56" class="1004" name="x_read_read_fu_56">
<pin_list>
<pin id="57" dir="0" index="0" bw="16" slack="0"/>
<pin id="58" dir="0" index="1" bw="16" slack="0"/>
<pin id="59" dir="1" index="2" bw="16" slack="0"/>
</pin_list>
<bind>
<opcode="read(1150) " fcode="read"/>
<opset="x_read/6 "/>
</bind>
</comp>

<comp id="62" class="1004" name="write_ln54_write_fu_62">
<pin_list>
<pin id="63" dir="0" index="0" bw="0" slack="0"/>
<pin id="64" dir="0" index="1" bw="16" slack="0"/>
<pin id="65" dir="0" index="2" bw="16" slack="0"/>
<pin id="66" dir="1" index="3" bw="0" slack="2147483647"/>
</pin_list>
<bind>
<opcode="write(1151) " fcode="write"/>
<opset="write_ln54/9 "/>
</bind>
</comp>

<comp id="69" class="1004" name="grp_access_fu_69">
<pin_list>
<pin id="70" dir="0" index="0" bw="16" slack="0"/>
<pin id="71" dir="0" index="1" bw="16" slack="2"/>
<pin id="72" dir="0" index="2" bw="0" slack="2147483647"/>
<pin id="73" dir="1" index="3" bw="16" slack="0"/>
</pin_list>
<bind>
<opcode="load(27) store(28) " fcode="store"/>
<opset="shift_reg_load/1 store_ln53/8 "/>
</bind>
</comp>

<comp id="76" class="1004" name="grp_fir_Pipeline_loop_fu_76">
<pin_list>
<pin id="77" dir="0" index="0" bw="0" slack="0"/>
<pin id="78" dir="0" index="1" bw="25" slack="1"/>
<pin id="79" dir="0" index="2" bw="31" slack="5"/>
<pin id="80" dir="0" index="3" bw="16" slack="0"/>
<pin id="81" dir="0" index="4" bw="16" slack="0"/>
<pin id="82" dir="1" index="5" bw="0" slack="2147483647"/>
</pin_list>
<bind>
<opcode="call(48) " fcode="call"/>
<opset="call_ln44/6 "/>
</bind>
</comp>

<comp id="86" class="1004" name="sext_ln44_fu_86">
<pin_list>
<pin id="87" dir="0" index="0" bw="16" slack="0"/>
<pin id="88" dir="1" index="1" bw="25" slack="0"/>
</pin_list>
<bind>
<opcode="sext(35) " fcode="sext"/>
<opset="sext_ln44/2 "/>
</bind>
</comp>

<comp id="90" class="1004" name="sext_ln52_fu_90">
<pin_list>
<pin id="91" dir="0" index="0" bw="16" slack="0"/>
<pin id="92" dir="1" index="1" bw="26" slack="0"/>
</pin_list>
<bind>
<opcode="sext(35) " fcode="sext"/>
<opset="sext_ln52/6 "/>
</bind>
</comp>

<comp id="94" class="1004" name="acc_01_loc_load_load_fu_94">
<pin_list>
<pin id="95" dir="0" index="0" bw="31" slack="7"/>
<pin id="96" dir="1" index="1" bw="31" slack="0"/>
</pin_list>
<bind>
<opcode="load(27) " fcode="load"/>
<opset="acc_01_loc_load/8 "/>
</bind>
</comp>

<comp id="97" class="1004" name="trunc_ln_fu_97">
<pin_list>
<pin id="98" dir="0" index="0" bw="16" slack="0"/>
<pin id="99" dir="0" index="1" bw="31" slack="0"/>
<pin id="100" dir="0" index="2" bw="5" slack="0"/>
<pin id="101" dir="0" index="3" bw="6" slack="0"/>
<pin id="102" dir="1" index="4" bw="16" slack="0"/>
</pin_list>
<bind>
<opcode="partselect(1002) " fcode="partselect"/>
<opset="trunc_ln/9 "/>
</bind>
</comp>

<comp id="107" class="1007" name="grp_fu_107">
<pin_list>
<pin id="108" dir="0" index="0" bw="16" slack="0"/>
<pin id="109" dir="0" index="1" bw="10" slack="0"/>
<pin id="110" dir="1" index="2" bw="25" slack="1"/>
</pin_list>
<bind>
<opcode="mul(12) " fcode="mul"/>
<opset="mul_ln44/2 "/>
</bind>
</comp>

<comp id="113" class="1007" name="grp_fu_113">
<pin_list>
<pin id="114" dir="0" index="0" bw="16" slack="0"/>
<pin id="115" dir="0" index="1" bw="10" slack="0"/>
<pin id="116" dir="0" index="2" bw="31" slack="0"/>
<pin id="117" dir="1" index="3" bw="31" slack="0"/>
</pin_list>
<bind>
<opcode="muladd(1172) " fcode="muladd"/>
<opset="mul_ln52/6 sext_ln52_1/8 acc/8 "/>
</bind>
</comp>

<comp id="122" class="1005" name="acc_01_loc_reg_122">
<pin_list>
<pin id="123" dir="0" index="0" bw="31" slack="5"/>
<pin id="124" dir="1" index="1" bw="31" slack="5"/>
</pin_list>
<bind>
<opset="acc_01_loc "/>
</bind>
</comp>

<comp id="128" class="1005" name="sext_ln44_reg_128">
<pin_list>
<pin id="129" dir="0" index="0" bw="25" slack="1"/>
<pin id="130" dir="1" index="1" bw="25" slack="1"/>
</pin_list>
<bind>
<opset="sext_ln44 "/>
</bind>
</comp>

<comp id="133" class="1005" name="mul_ln44_reg_133">
<pin_list>
<pin id="134" dir="0" index="0" bw="25" slack="1"/>
<pin id="135" dir="1" index="1" bw="25" slack="1"/>
</pin_list>
<bind>
<opset="mul_ln44 "/>
</bind>
</comp>

<comp id="138" class="1005" name="x_read_reg_138">
<pin_list>
<pin id="139" dir="0" index="0" bw="16" slack="2"/>
<pin id="140" dir="1" index="1" bw="16" slack="2"/>
</pin_list>
<bind>
<opset="x_read "/>
</bind>
</comp>

<comp id="143" class="1005" name="sext_ln52_reg_143">
<pin_list>
<pin id="144" dir="0" index="0" bw="26" slack="1"/>
<pin id="145" dir="1" index="1" bw="26" slack="1"/>
</pin_list>
<bind>
<opset="sext_ln52 "/>
</bind>
</comp>

</comp_list>

<net_list>
<net id="55"><net_src comp="8" pin="0"/><net_sink comp="52" pin=0"/></net>

<net id="60"><net_src comp="14" pin="0"/><net_sink comp="56" pin=0"/></net>

<net id="61"><net_src comp="2" pin="0"/><net_sink comp="56" pin=1"/></net>

<net id="67"><net_src comp="50" pin="0"/><net_sink comp="62" pin=0"/></net>

<net id="68"><net_src comp="0" pin="0"/><net_sink comp="62" pin=1"/></net>

<net id="74"><net_src comp="10" pin="0"/><net_sink comp="69" pin=0"/></net>

<net id="75"><net_src comp="20" pin="0"/><net_sink comp="69" pin=0"/></net>

<net id="83"><net_src comp="16" pin="0"/><net_sink comp="76" pin=0"/></net>

<net id="84"><net_src comp="4" pin="0"/><net_sink comp="76" pin=3"/></net>

<net id="85"><net_src comp="6" pin="0"/><net_sink comp="76" pin=4"/></net>

<net id="89"><net_src comp="69" pin="3"/><net_sink comp="86" pin=0"/></net>

<net id="93"><net_src comp="56" pin="2"/><net_sink comp="90" pin=0"/></net>

<net id="103"><net_src comp="44" pin="0"/><net_sink comp="97" pin=0"/></net>

<net id="104"><net_src comp="46" pin="0"/><net_sink comp="97" pin=2"/></net>

<net id="105"><net_src comp="48" pin="0"/><net_sink comp="97" pin=3"/></net>

<net id="106"><net_src comp="97" pin="4"/><net_sink comp="62" pin=2"/></net>

<net id="111"><net_src comp="86" pin="1"/><net_sink comp="107" pin=0"/></net>

<net id="112"><net_src comp="12" pin="0"/><net_sink comp="107" pin=1"/></net>

<net id="118"><net_src comp="90" pin="1"/><net_sink comp="113" pin=0"/></net>

<net id="119"><net_src comp="18" pin="0"/><net_sink comp="113" pin=1"/></net>

<net id="120"><net_src comp="94" pin="1"/><net_sink comp="113" pin=2"/></net>

<net id="121"><net_src comp="113" pin="3"/><net_sink comp="97" pin=1"/></net>

<net id="125"><net_src comp="52" pin="1"/><net_sink comp="122" pin=0"/></net>

<net id="126"><net_src comp="122" pin="1"/><net_sink comp="76" pin=2"/></net>

<net id="127"><net_src comp="122" pin="1"/><net_sink comp="94" pin=0"/></net>

<net id="131"><net_src comp="86" pin="1"/><net_sink comp="128" pin=0"/></net>

<net id="132"><net_src comp="128" pin="1"/><net_sink comp="107" pin=0"/></net>

<net id="136"><net_src comp="107" pin="2"/><net_sink comp="133" pin=0"/></net>

<net id="137"><net_src comp="133" pin="1"/><net_sink comp="76" pin=1"/></net>

<net id="141"><net_src comp="56" pin="2"/><net_sink comp="138" pin=0"/></net>

<net id="142"><net_src comp="138" pin="1"/><net_sink comp="69" pin=1"/></net>

<net id="146"><net_src comp="90" pin="1"/><net_sink comp="143" pin=0"/></net>

<net id="147"><net_src comp="143" pin="1"/><net_sink comp="113" pin=0"/></net>

</net_list>

</model> 
---------------- Datapath Model END ------------------

* FSMD analyzer results:
  - Output states:
	Port: y | {9 }
	Port: shift_reg | {6 7 8 }
 - Input state : 
	Port: fir : x | {6 }
	Port: fir : shift_reg | {1 2 6 7 }
	Port: fir : c | {6 7 }
  - Chain level:
	State 1
	State 2
		sext_ln44 : 1
		mul_ln44 : 2
	State 3
	State 4
	State 5
	State 6
		mul_ln52 : 1
	State 7
	State 8
		sext_ln52_1 : 1
		acc : 2
	State 9
		trunc_ln : 1
		write_ln54 : 2


============================================================
+ Verbose Summary: Datapath Resource usage 
============================================================

* Functional unit list:
|----------|-----------------------------|---------|---------|---------|---------|
| Operation|       Functional Unit       |   DSP   |  Delay  |    FF   |   LUT   |
|----------|-----------------------------|---------|---------|---------|---------|
|   call   | grp_fir_Pipeline_loop_fu_76 |    1    |  1.757  |   221   |    64   |
|----------|-----------------------------|---------|---------|---------|---------|
|    mul   |          grp_fu_107         |    1    |    0    |    0    |    0    |
|----------|-----------------------------|---------|---------|---------|---------|
|  muladd  |          grp_fu_113         |    1    |    0    |    0    |    0    |
|----------|-----------------------------|---------|---------|---------|---------|
|   read   |      x_read_read_fu_56      |    0    |    0    |    0    |    0    |
|----------|-----------------------------|---------|---------|---------|---------|
|   write  |    write_ln54_write_fu_62   |    0    |    0    |    0    |    0    |
|----------|-----------------------------|---------|---------|---------|---------|
|   sext   |       sext_ln44_fu_86       |    0    |    0    |    0    |    0    |
|          |       sext_ln52_fu_90       |    0    |    0    |    0    |    0    |
|----------|-----------------------------|---------|---------|---------|---------|
|partselect|        trunc_ln_fu_97       |    0    |    0    |    0    |    0    |
|----------|-----------------------------|---------|---------|---------|---------|
|   Total  |                             |    3    |  1.757  |   221   |    64   |
|----------|-----------------------------|---------|---------|---------|---------|

Memories:
+---------+--------+--------+--------+--------+
|         |  BRAM  |   FF   |   LUT  |  URAM  |
+---------+--------+--------+--------+--------+
|    c    |    0   |   16   |   15   |    -   |
|shift_reg|    0   |   32   |   15   |    0   |
+---------+--------+--------+--------+--------+
|  Total  |    0   |   48   |   30   |    0   |
+---------+--------+--------+--------+--------+

* Register list:
+------------------+--------+
|                  |   FF   |
+------------------+--------+
|acc_01_loc_reg_122|   31   |
| mul_ln44_reg_133 |   25   |
| sext_ln44_reg_128|   25   |
| sext_ln52_reg_143|   26   |
|  x_read_reg_138  |   16   |
+------------------+--------+
|       Total      |   123  |
+------------------+--------+

* Multiplexer (MUX) list: 
|------------------|------|------|------|--------||---------||---------|
|       Comp       |  Pin | Size |  BW  | S x BW ||  Delay  ||   LUT   |
|------------------|------|------|------|--------||---------||---------|
| grp_access_fu_69 |  p0  |   2  |  16  |   32   |
|    grp_fu_107    |  p0  |   2  |  16  |   32   ||    9    |
|    grp_fu_113    |  p0  |   2  |  16  |   32   ||    9    |
|------------------|------|------|------|--------||---------||---------|
|       Total      |      |      |      |   96   ||  1.281  ||    18   |
|------------------|------|------|------|--------||---------||---------|



* Summary:
+-----------+--------+--------+--------+--------+--------+--------+
|           |  BRAM  |   DSP  |  Delay |   FF   |   LUT  |  URAM  |
+-----------+--------+--------+--------+--------+--------+--------+
|  Function |    -   |    3   |    1   |   221  |   64   |    -   |
|   Memory  |    0   |    -   |    -   |   48   |   30   |    0   |
|Multiplexer|    -   |    -   |    1   |    -   |   18   |    -   |
|  Register |    -   |    -   |    -   |   123  |    -   |    -   |
+-----------+--------+--------+--------+--------+--------+--------+
|   Total   |    0   |    3   |    3   |   392  |   112  |    0   |
+-----------+--------+--------+--------+--------+--------+--------+
